<?xml version="1.0" encoding="UTF-8"?>
<!-- Generated by org.testng.reporters.JUnitXMLReporter -->
<testsuite hostname="LAPTOP-KJFGV1DS" ignored="0" name="Default test" tests="5" failures="0" timestamp="16 Mar 2022 02:39:54 GMT" time="10.722" errors="0">
  <testcase name="createuser" time="4.104" classname="Assignemt_RestAssured.Assignment"/>
  <testcase name="login" time="1.566" classname="Assignemt_RestAssured.Assignment"/>
  <testcase name="modify" time="1.726" classname="Assignemt_RestAssured.Assignment"/>
  <testcase name="logout" time="1.64" classname="Assignemt_RestAssured.Assignment"/>
  <testcase name="delete" time="1.63" classname="Assignemt_RestAssured.Assignment"/>
</testsuite> <!-- Default test -->
